<?xml version="1.0" encoding="UTF-8"?>
<!-- Generated by org.testng.reporters.JUnitReportReporter -->
<testsuite hostname="Shure-Testing-iMac.local" name="scripts.DeviceDiscovery" tests="4" failures="0" timestamp="19 May 2015 09:21:47 GMT" time="909.250" errors="0">
  <testcase name="offlineCheck" time="77.084" classname="scripts.DeviceDiscovery"/>
  <testcase name="removeOfflineDevices" time="123.417" classname="scripts.DeviceDiscovery"/>
  <testcase name="fewOnlineCheck" time="354.827" classname="scripts.DeviceDiscovery"/>
  <testcase name="onlineOflineCheck" time="353.922" classname="scripts.DeviceDiscovery"/>
</testsuite> <!-- scripts.DeviceDiscovery -->
