<?xml version="1.0" encoding="UTF-8"?>
<!-- Generated by org.testng.reporters.JUnitReportReporter -->
<testsuite hostname="CMCs-iMac-2.local" name="scripts.Navigations" tests="1" failures="0" timestamp="23 Apr 2015 12:22:10 GMT" time="208.410" errors="0">
  <testcase name="demoModeNavigations" time="208.410" classname="scripts.Navigations"/>
</testsuite> <!-- scripts.Navigations -->
