<?xml version="1.0" encoding="UTF-8"?>
<!-- Generated by org.testng.reporters.JUnitReportReporter -->
<testsuite hostname="Shure-Testing-iMac.local" name="scripts.NewTest123" tests="1" failures="0" timestamp="19 May 2015 04:17:26 GMT" time="49.678" errors="0">
  <testcase name="f" time="49.678" classname="scripts.NewTest123"/>
</testsuite> <!-- scripts.NewTest123 -->
