<?xml version="1.0" encoding="UTF-8"?>
<!-- Generated by org.testng.reporters.JUnitReportReporter -->
<testsuite hostname="CMCs-iMac-2.local" name="scripts.Sorting" tests="1" failures="0" timestamp="27 Apr 2015 05:50:32 GMT" time="428.589" errors="0">
  <testcase name="channelsSort" time="428.589" classname="scripts.Sorting"/>
</testsuite> <!-- scripts.Sorting -->
